[
  {
    "level": "INFO",
    "message": "android.ndkVersion from module build.gradle is 22.0.7026061"
  },
  {
    "level": "INFO",
    "message": "ndk.dir in local.properties is not set"
  },
  {
    "level": "INFO",
    "message": "ANDROID_NDK_HOME environment variable is not set"
  },
  {
    "level": "INFO",
    "message": "sdkFolder is /home/pasan/Android/Sdk"
  },
  {
    "level": "INFO",
    "message": "Considering /home/pasan/Android/Sdk/ndk-bundle in SDK ndk-bundle folder"
  },
  {
    "level": "INFO",
    "message": "Considering /home/pasan/Android/Sdk/ndk/23.1.7779620 in SDK ndk folder"
  },
  {
    "level": "INFO",
    "message": "Considering /home/pasan/Android/Sdk/ndk/21.3.6528147 in SDK ndk folder"
  },
  {
    "level": "INFO",
    "message": "Rejected /home/pasan/Android/Sdk/ndk-bundle in SDK ndk-bundle folder because that location has no source.properties"
  },
  {
    "level": "INFO",
    "message": "Rejected /home/pasan/Android/Sdk/ndk/21.3.6528147 in SDK ndk folder because that location has no source.properties"
  },
  {
    "level": "INFO",
    "message": "Rejected /home/pasan/Android/Sdk/ndk/23.1.7779620 in SDK ndk folder because that NDK had version 23.1.7779620 which didn\u0027t match the requested version 22.0.7026061"
  },
  {
    "level": "ERROR",
    "message": "No version of NDK matched the requested version 22.0.7026061. Versions available locally: 23.1.7779620"
  }
]